This file contains any messages produced by compilers while
running configure, to aid debugging if configure makes a mistake.

It was created by librevenge configure 0.0.4, which was
generated by GNU Autoconf 2.69.  Invocation command line was

  $ ./configure 

## --------- ##
## Platform. ##
## --------- ##

hostname = DESKTOP-HF2VIVE
uname -m = x86_64
uname -r = 2.10.0(0.325/5/3)
uname -s = CYGWIN_NT-10.0
uname -v = 2018-02-02 15:16

/usr/bin/uname -p = unknown
/bin/uname -X     = unknown

/bin/arch              = x86_64
/usr/bin/arch -k       = unknown
/usr/convex/getsysinfo = unknown
/usr/bin/hostinfo      = unknown
/bin/machine           = unknown
/usr/bin/oslevel       = unknown
/bin/universe          = unknown

PATH: /usr/local/bin
PATH: /usr/bin
PATH: /cygdrive/c/Program Files/Emscripten
PATH: /cygdrive/c/Program Files/Emscripten/clang/e1.37.28_64bit
PATH: /cygdrive/c/Program Files/Emscripten/node/4.1.1_64bit/bin
PATH: /cygdrive/c/Program Files/Emscripten/python/2.7.5.3_64bit
PATH: /cygdrive/c/Program Files/Emscripten/java/7.45_64bit/bin
PATH: /cygdrive/c/Program Files/Emscripten/emscripten/1.37.28
PATH: /cygdrive/c/Program Files (x86)/RSA SecurID Token Common
PATH: /cygdrive/c/Program Files/RSA SecurID Token Common
PATH: /cygdrive/c/ProgramData/Oracle/Java/javapath
PATH: /cygdrive/c/Perl64/site/bin
PATH: /cygdrive/c/Perl64/bin
PATH: /cygdrive/c/Program Files (x86)/Intel/iCLS Client
PATH: /cygdrive/c/Program Files/Intel/iCLS Client
PATH: /cygdrive/c/WINDOWS/system32
PATH: /cygdrive/c/WINDOWS
PATH: /cygdrive/c/WINDOWS/System32/Wbem
PATH: /cygdrive/c/WINDOWS/System32/WindowsPowerShell/v1.0
PATH: /cygdrive/c/Program Files (x86)/Intel/Intel(R) Management Engine Components/DAL
PATH: /cygdrive/c/Program Files/Intel/Intel(R) Management Engine Components/DAL
PATH: /cygdrive/c/Program Files (x86)/Intel/Intel(R) Management Engine Components/IPT
PATH: /cygdrive/c/Program Files/Intel/Intel(R) Management Engine Components/IPT
PATH: /cygdrive/c/Program Files/Microsoft SQL Server/110/Tools/Binn
PATH: /cygdrive/c/Program Files (x86)/Microsoft SDKs/TypeScript/1.0
PATH: /cygdrive/c/Program Files/Microsoft SQL Server/120/Tools/Binn
PATH: /cygdrive/c/ProgramFiles(x86)/CMAKE/bin
PATH: /cygdrive/c/WINDOWS/system32/config/systemprofile/.dnx/bin
PATH: /cygdrive/c/Program Files/Microsoft DNX/Dnvm
PATH: /cygdrive/c/Program Files/nasm
PATH: /cygdrive/c/mydocs/BEVARA/DEVELOPMENT/CMAKE/bin
PATH: /cygdrive/c/Python27
PATH: /cygdrive/c/Program Files/Microsoft/Web Platform Installer
PATH: /cygdrive/c/Program Files (x86)/Microsoft ASP.NET/ASP.NET Web Pages/v1.0
PATH: /cygdrive/c/Program Files/Microsoft SQL Server/130/Tools/Binn
PATH: /cygdrive/c/Program Files (x86)/nodejs
PATH: /cygdrive/c/mydocs/BEVARA/DEVELOPMENT/depot_tools
PATH: /cygdrive/c/Program Files/TortoiseGit/bin
PATH: /cygdrive/c/Qt/5.5/msvc2013_64/bin
PATH: /cygdrive/c/Program Files/Intel/WiFi/bin
PATH: /cygdrive/c/Program Files/Common Files/Intel/WirelessCommon
PATH: /cygdrive/c/Program Files/Git/cmd
PATH: /cygdrive/c/Program Files (x86)/Windows Kits/10/Windows Performance Toolkit
PATH: /cygdrive/c/Program Files (x86)/ApacheAnt/apache-ant-1.9.10/bin
PATH: %ANT_HOME%/bin
PATH: /cygdrive/c/mydocs/BEVARA/DEVELOPMENT/EXPER/WordPerfectDocImp/boost_1_66_0/boost
PATH: /cygdrive/c/mydocs/BEVARA/DEVELOPMENT/EXPER/WordPerfectDocImp/boost_1_66_0
PATH: /cygdrive/c/WINDOWS/System32/OpenSSH
PATH: /cygdrive/c/mydocs/BEVARA/DEVELOPMENT/CMAKE/bin
PATH: /cygdrive/c/Users/MB/AppData/Roaming/npm
PATH: /cygdrive/c/Users/MB/AppData/Local/Microsoft/WindowsApps
PATH: /cygdrive/c/Program Files/Microsoft VS Code/bin


## ----------- ##
## Core tests. ##
## ----------- ##

configure:2501: checking for a BSD-compatible install
configure:2569: result: /usr/bin/install -c
configure:2580: checking whether build environment is sane
configure:2635: result: yes
configure:2786: checking for a thread-safe mkdir -p
configure:2825: result: /usr/bin/mkdir -p
configure:2832: checking for gawk
configure:2848: found /usr/bin/gawk
configure:2859: result: gawk
configure:2870: checking whether make sets $(MAKE)
configure:2892: result: yes
configure:2921: checking whether make supports nested variables
configure:2938: result: yes
configure:3075: checking whether make supports nested variables
configure:3092: result: yes
configure:3125: checking for style of include used by make
configure:3153: result: GNU
configure:3224: checking for gcc
configure:3240: found /usr/bin/gcc
configure:3251: result: gcc
configure:3480: checking for C compiler version
configure:3489: gcc --version >&5
gcc (GCC) 6.4.0
Copyright (C) 2017 Free Software Foundation, Inc.
This is free software; see the source for copying conditions.  There is NO
warranty; not even for MERCHANTABILITY or FITNESS FOR A PARTICULAR PURPOSE.

configure:3500: $? = 0
configure:3489: gcc -v >&5
Using built-in specs.
COLLECT_GCC=gcc
COLLECT_LTO_WRAPPER=/usr/lib/gcc/x86_64-pc-cygwin/6.4.0/lto-wrapper.exe
Target: x86_64-pc-cygwin
Configured with: /cygdrive/i/szsz/tmpp/gcc/gcc-6.4.0-5.x86_64/src/gcc-6.4.0/configure --srcdir=/cygdrive/i/szsz/tmpp/gcc/gcc-6.4.0-5.x86_64/src/gcc-6.4.0 --prefix=/usr --exec-prefix=/usr --localstatedir=/var --sysconfdir=/etc --docdir=/usr/share/doc/gcc --htmldir=/usr/share/doc/gcc/html -C --build=x86_64-pc-cygwin --host=x86_64-pc-cygwin --target=x86_64-pc-cygwin --without-libiconv-prefix --without-libintl-prefix --libexecdir=/usr/lib --enable-shared --enable-shared-libgcc --enable-static --enable-version-specific-runtime-libs --enable-bootstrap --enable-__cxa_atexit --with-dwarf2 --with-tune=generic --enable-languages=ada,c,c++,fortran,lto,objc,obj-c++ --enable-graphite --enable-threads=posix --enable-libatomic --enable-libcilkrts --enable-libgomp --enable-libitm --enable-libquadmath --enable-libquadmath-support --disable-libssp --enable-libada --disable-symvers --with-gnu-ld --with-gnu-as --with-cloog-include=/usr/include/cloog-isl --without-libiconv-prefix --without-libintl-prefix --with-system-zlib --enable-linker-build-id --with-default-libstdcxx-abi=gcc4-compatible
Thread model: posix
gcc version 6.4.0 (GCC) 
configure:3500: $? = 0
configure:3489: gcc -V >&5
gcc: error: unrecognized command line option '-V'
gcc: fatal error: no input files
compilation terminated.
configure:3500: $? = 1
configure:3489: gcc -qversion >&5
gcc: error: unrecognized command line option '-qversion'; did you mean '--version'?
gcc: fatal error: no input files
compilation terminated.
configure:3500: $? = 1
configure:3520: checking whether the C compiler works
configure:3542: gcc    conftest.c  >&5
configure:3546: $? = 0
configure:3594: result: yes
configure:3597: checking for C compiler default output file name
configure:3599: result: a.exe
configure:3605: checking for suffix of executables
configure:3612: gcc -o conftest.exe    conftest.c  >&5
configure:3616: $? = 0
configure:3638: result: .exe
configure:3660: checking whether we are cross compiling
configure:3668: gcc -o conftest.exe    conftest.c  >&5
configure:3672: $? = 0
configure:3679: ./conftest.exe
configure:3683: $? = 0
configure:3698: result: no
configure:3703: checking for suffix of object files
configure:3725: gcc -c   conftest.c >&5
configure:3729: $? = 0
configure:3750: result: o
configure:3754: checking whether we are using the GNU C compiler
configure:3773: gcc -c   conftest.c >&5
configure:3773: $? = 0
configure:3782: result: yes
configure:3791: checking whether gcc accepts -g
configure:3811: gcc -c -g  conftest.c >&5
configure:3811: $? = 0
configure:3852: result: yes
configure:3869: checking for gcc option to accept ISO C89
configure:3932: gcc  -c -g -O2  conftest.c >&5
configure:3932: $? = 0
configure:3945: result: none needed
configure:3970: checking whether gcc understands -c and -o together
configure:3992: gcc -c conftest.c -o conftest2.o
configure:3995: $? = 0
configure:3992: gcc -c conftest.c -o conftest2.o
configure:3995: $? = 0
configure:4007: result: yes
configure:4026: checking dependency style of gcc
configure:4137: result: gcc3
configure:4202: checking for ar
configure:4218: found /usr/bin/ar
configure:4229: result: ar
configure:4255: checking the archiver (ar) interface
configure:4271: gcc -c -g -O2  conftest.c >&5
configure:4271: $? = 0
configure:4273: ar cru libconftest.a conftest.o >&5
configure:4276: $? = 0
configure:4304: result: ar
configure:4372: checking for gcc
configure:4399: result: gcc
configure:4628: checking for C compiler version
configure:4637: gcc --version >&5
gcc (GCC) 6.4.0
Copyright (C) 2017 Free Software Foundation, Inc.
This is free software; see the source for copying conditions.  There is NO
warranty; not even for MERCHANTABILITY or FITNESS FOR A PARTICULAR PURPOSE.

configure:4648: $? = 0
configure:4637: gcc -v >&5
Using built-in specs.
COLLECT_GCC=gcc
COLLECT_LTO_WRAPPER=/usr/lib/gcc/x86_64-pc-cygwin/6.4.0/lto-wrapper.exe
Target: x86_64-pc-cygwin
Configured with: /cygdrive/i/szsz/tmpp/gcc/gcc-6.4.0-5.x86_64/src/gcc-6.4.0/configure --srcdir=/cygdrive/i/szsz/tmpp/gcc/gcc-6.4.0-5.x86_64/src/gcc-6.4.0 --prefix=/usr --exec-prefix=/usr --localstatedir=/var --sysconfdir=/etc --docdir=/usr/share/doc/gcc --htmldir=/usr/share/doc/gcc/html -C --build=x86_64-pc-cygwin --host=x86_64-pc-cygwin --target=x86_64-pc-cygwin --without-libiconv-prefix --without-libintl-prefix --libexecdir=/usr/lib --enable-shared --enable-shared-libgcc --enable-static --enable-version-specific-runtime-libs --enable-bootstrap --enable-__cxa_atexit --with-dwarf2 --with-tune=generic --enable-languages=ada,c,c++,fortran,lto,objc,obj-c++ --enable-graphite --enable-threads=posix --enable-libatomic --enable-libcilkrts --enable-libgomp --enable-libitm --enable-libquadmath --enable-libquadmath-support --disable-libssp --enable-libada --disable-symvers --with-gnu-ld --with-gnu-as --with-cloog-include=/usr/include/cloog-isl --without-libiconv-prefix --without-libintl-prefix --with-system-zlib --enable-linker-build-id --with-default-libstdcxx-abi=gcc4-compatible
Thread model: posix
gcc version 6.4.0 (GCC) 
configure:4648: $? = 0
configure:4637: gcc -V >&5
gcc: error: unrecognized command line option '-V'
gcc: fatal error: no input files
compilation terminated.
configure:4648: $? = 1
configure:4637: gcc -qversion >&5
gcc: error: unrecognized command line option '-qversion'; did you mean '--version'?
gcc: fatal error: no input files
compilation terminated.
configure:4648: $? = 1
configure:4652: checking whether we are using the GNU C compiler
configure:4680: result: yes
configure:4689: checking whether gcc accepts -g
configure:4750: result: yes
configure:4767: checking for gcc option to accept ISO C89
configure:4843: result: none needed
configure:4868: checking whether gcc understands -c and -o together
configure:4905: result: yes
configure:4924: checking dependency style of gcc
configure:5035: result: gcc3
configure:5055: checking how to run the C preprocessor
configure:5086: gcc -E  conftest.c
configure:5086: $? = 0
configure:5100: gcc -E  conftest.c
conftest.c:11:28: fatal error: ac_nonexistent.h: No such file or directory
 #include <ac_nonexistent.h>
                            ^
compilation terminated.
configure:5100: $? = 1
configure: failed program was:
| /* confdefs.h */
| #define PACKAGE_NAME "librevenge"
| #define PACKAGE_TARNAME "librevenge"
| #define PACKAGE_VERSION "0.0.4"
| #define PACKAGE_STRING "librevenge 0.0.4"
| #define PACKAGE_BUGREPORT ""
| #define PACKAGE_URL ""
| #define PACKAGE "librevenge"
| #define VERSION "0.0.4"
| /* end confdefs.h.  */
| #include <ac_nonexistent.h>
configure:5125: result: gcc -E
configure:5145: gcc -E  conftest.c
configure:5145: $? = 0
configure:5159: gcc -E  conftest.c
conftest.c:11:28: fatal error: ac_nonexistent.h: No such file or directory
 #include <ac_nonexistent.h>
                            ^
compilation terminated.
configure:5159: $? = 1
configure: failed program was:
| /* confdefs.h */
| #define PACKAGE_NAME "librevenge"
| #define PACKAGE_TARNAME "librevenge"
| #define PACKAGE_VERSION "0.0.4"
| #define PACKAGE_STRING "librevenge 0.0.4"
| #define PACKAGE_BUGREPORT ""
| #define PACKAGE_URL ""
| #define PACKAGE "librevenge"
| #define VERSION "0.0.4"
| /* end confdefs.h.  */
| #include <ac_nonexistent.h>
configure:5245: checking for g++
configure:5261: found /usr/bin/g++
configure:5272: result: g++
configure:5299: checking for C++ compiler version
configure:5308: g++ --version >&5
g++ (GCC) 6.4.0
Copyright (C) 2017 Free Software Foundation, Inc.
This is free software; see the source for copying conditions.  There is NO
warranty; not even for MERCHANTABILITY or FITNESS FOR A PARTICULAR PURPOSE.

configure:5319: $? = 0
configure:5308: g++ -v >&5
Using built-in specs.
COLLECT_GCC=g++
COLLECT_LTO_WRAPPER=/usr/lib/gcc/x86_64-pc-cygwin/6.4.0/lto-wrapper.exe
Target: x86_64-pc-cygwin
Configured with: /cygdrive/i/szsz/tmpp/gcc/gcc-6.4.0-5.x86_64/src/gcc-6.4.0/configure --srcdir=/cygdrive/i/szsz/tmpp/gcc/gcc-6.4.0-5.x86_64/src/gcc-6.4.0 --prefix=/usr --exec-prefix=/usr --localstatedir=/var --sysconfdir=/etc --docdir=/usr/share/doc/gcc --htmldir=/usr/share/doc/gcc/html -C --build=x86_64-pc-cygwin --host=x86_64-pc-cygwin --target=x86_64-pc-cygwin --without-libiconv-prefix --without-libintl-prefix --libexecdir=/usr/lib --enable-shared --enable-shared-libgcc --enable-static --enable-version-specific-runtime-libs --enable-bootstrap --enable-__cxa_atexit --with-dwarf2 --with-tune=generic --enable-languages=ada,c,c++,fortran,lto,objc,obj-c++ --enable-graphite --enable-threads=posix --enable-libatomic --enable-libcilkrts --enable-libgomp --enable-libitm --enable-libquadmath --enable-libquadmath-support --disable-libssp --enable-libada --disable-symvers --with-gnu-ld --with-gnu-as --with-cloog-include=/usr/include/cloog-isl --without-libiconv-prefix --without-libintl-prefix --with-system-zlib --enable-linker-build-id --with-default-libstdcxx-abi=gcc4-compatible
Thread model: posix
gcc version 6.4.0 (GCC) 
configure:5319: $? = 0
configure:5308: g++ -V >&5
g++: error: unrecognized command line option '-V'
g++: fatal error: no input files
compilation terminated.
configure:5319: $? = 1
configure:5308: g++ -qversion >&5
g++: error: unrecognized command line option '-qversion'; did you mean '--version'?
g++: fatal error: no input files
compilation terminated.
configure:5319: $? = 1
configure:5323: checking whether we are using the GNU C++ compiler
configure:5342: g++ -c   conftest.cpp >&5
configure:5342: $? = 0
configure:5351: result: yes
configure:5360: checking whether g++ accepts -g
configure:5380: g++ -c -g  conftest.cpp >&5
configure:5380: $? = 0
configure:5421: result: yes
configure:5446: checking dependency style of g++
configure:5557: result: gcc3
configure:5573: checking whether ln -s works
configure:5577: result: yes
configure:5584: checking whether make sets $(MAKE)
configure:5606: result: yes
configure:5644: checking build system type
configure:5658: result: x86_64-unknown-cygwin
configure:5678: checking host system type
configure:5691: result: x86_64-unknown-cygwin
configure:5732: checking how to print strings
configure:5759: result: printf
configure:5780: checking for a sed that does not truncate output
configure:5844: result: /usr/bin/sed
configure:5862: checking for grep that handles long lines and -e
configure:5920: result: /usr/bin/grep
configure:5925: checking for egrep
configure:5987: result: /usr/bin/grep -E
configure:5992: checking for fgrep
configure:6054: result: /usr/bin/grep -F
configure:6089: checking for ld used by gcc
configure:6156: result: /usr/x86_64-pc-cygwin/bin/ld.exe
configure:6163: checking if the linker (/usr/x86_64-pc-cygwin/bin/ld.exe) is GNU ld
configure:6178: result: yes
configure:6190: checking for BSD- or MS-compatible name lister (nm)
configure:6244: result: /usr/bin/nm -B
configure:6374: checking the name lister (/usr/bin/nm -B) interface
configure:6381: g++ -c -g -O2  conftest.cpp >&5
configure:6384: /usr/bin/nm -B "conftest.o"
configure:6387: output
0000000000000000 b .bss
0000000000000000 d .data
0000000000000000 N .debug_abbrev
0000000000000000 N .debug_aranges
0000000000000000 N .debug_info
0000000000000000 N .debug_line
0000000000000000 r .rdata$zzz
0000000000000000 t .text
0000000000000000 B some_variable
configure:6394: result: BSD nm
configure:6398: checking the maximum length of command line arguments
configure:6529: result: 8192
configure:6577: checking how to convert x86_64-unknown-cygwin file names to x86_64-unknown-cygwin format
configure:6617: result: func_convert_file_noop
configure:6624: checking how to convert x86_64-unknown-cygwin file names to toolchain format
configure:6644: result: func_convert_file_noop
configure:6651: checking for /usr/x86_64-pc-cygwin/bin/ld.exe option to reload object files
configure:6658: result: -r
configure:6732: checking for objdump
configure:6748: found /usr/bin/objdump
configure:6759: result: objdump
configure:6788: checking how to recognize dependent libraries
configure:6988: result: file_magic ^x86 archive import|^x86 DLL
configure:7073: checking for dlltool
configure:7089: found /usr/bin/dlltool
configure:7100: result: dlltool
configure:7130: checking how to associate runtime and link libraries
configure:7157: result: func_cygming_dll_for_implib
configure:7282: checking for archiver @FILE support
configure:7299: g++ -c -g -O2  conftest.cpp >&5
configure:7299: $? = 0
configure:7302: ar cru libconftest.a @conftest.lst >&5
configure:7305: $? = 0
configure:7310: ar cru libconftest.a @conftest.lst >&5
ar: conftest.o: No such file or directory
configure:7313: $? = 1
configure:7325: result: @
configure:7383: checking for strip
configure:7399: found /usr/bin/strip
configure:7410: result: strip
configure:7482: checking for ranlib
configure:7498: found /usr/bin/ranlib
configure:7509: result: ranlib
configure:7611: checking command to parse /usr/bin/nm -B output from gcc object
configure:7764: g++ -c -g -O2  conftest.cpp >&5
configure:7767: $? = 0
configure:7771: /usr/bin/nm -B conftest.o \| sed -n -e 's/^.*[ ]\([ABCDGIRSTW][ABCDGIRSTW]*\)[ ][ ]*\([_A-Za-z][_A-Za-z0-9]*\)$/\1 \2 \2/p' | sed '/ __gnu_lto/d' \> conftest.nm
configure:7774: $? = 0
configure:7840: g++ -o conftest.exe -g -O2   conftest.cpp conftstm.o >&5
configure:7843: $? = 0
configure:7881: result: ok
configure:7928: checking for sysroot
configure:7958: result: no
configure:7965: checking for a working dd
configure:8003: result: /usr/bin/dd
configure:8007: checking how to truncate binary pipes
configure:8022: result: /usr/bin/dd bs=4096 count=1
configure:8351: checking for mt
configure:8381: result: no
configure:8401: checking if : is a manifest tool
configure:8407: : '-?'
configure:8415: result: no
configure:9088: checking for ANSI C header files
configure:9108: g++ -c -g -O2  conftest.cpp >&5
configure:9108: $? = 0
./configure: line 9122: conftest.cpp: command not found
configure:9192: result: no
configure:9205: checking for sys/types.h
configure:9205: g++ -c -g -O2  conftest.cpp >&5
configure:9205: $? = 0
configure:9205: result: yes
configure:9205: checking for sys/stat.h
configure:9205: g++ -c -g -O2  conftest.cpp >&5
configure:9205: $? = 0
configure:9205: result: yes
configure:9205: checking for stdlib.h
configure:9205: g++ -c -g -O2  conftest.cpp >&5
configure:9205: $? = 0
configure:9205: result: yes
configure:9205: checking for string.h
configure:9205: g++ -c -g -O2  conftest.cpp >&5
configure:9205: $? = 0
configure:9205: result: yes
configure:9205: checking for memory.h
configure:9205: g++ -c -g -O2  conftest.cpp >&5
configure:9205: $? = 0
configure:9205: result: yes
configure:9205: checking for strings.h
configure:9205: g++ -c -g -O2  conftest.cpp >&5
configure:9205: $? = 0
configure:9205: result: yes
configure:9205: checking for inttypes.h
configure:9205: g++ -c -g -O2  conftest.cpp >&5
configure:9205: $? = 0
configure:9205: result: yes
configure:9205: checking for stdint.h
configure:9205: g++ -c -g -O2  conftest.cpp >&5
configure:9205: $? = 0
configure:9205: result: yes
configure:9205: checking for unistd.h
configure:9205: g++ -c -g -O2  conftest.cpp >&5
configure:9205: $? = 0
configure:9205: result: yes
configure:9219: checking for dlfcn.h
configure:9219: g++ -c -g -O2  conftest.cpp >&5
configure:9219: $? = 0
configure:9219: result: yes
configure:9292: checking for as
configure:9308: found /usr/bin/as
configure:9319: result: as
configure:9384: checking for dlltool
configure:9411: result: dlltool
configure:9476: checking for objdump
configure:9503: result: objdump
configure:9781: checking for objdir
configure:9796: result: .libs
configure:10060: checking if gcc supports -fno-rtti -fno-exceptions
configure:10078: gcc -c -g -O2  -fno-rtti -fno-exceptions conftest.c >&5
cc1: warning: command line option '-fno-rtti' is valid for C++/ObjC++ but not for C
configure:10082: $? = 0
configure:10095: result: no
configure:10453: checking for gcc option to produce PIC
configure:10460: result: -DDLL_EXPORT -DPIC
configure:10468: checking if gcc PIC flag -DDLL_EXPORT -DPIC works
configure:10486: gcc -c -g -O2  -DDLL_EXPORT -DPIC -DPIC conftest.c >&5
configure:10490: $? = 0
configure:10503: result: yes
configure:10532: checking if gcc static flag -static works
configure:10560: result: yes
configure:10575: checking if gcc supports -c -o file.o
configure:10596: gcc -c -g -O2  -o out/conftest2.o conftest.c >&5
configure:10600: $? = 0
configure:10622: result: yes
configure:10630: checking if gcc supports -c -o file.o
configure:10677: result: yes
configure:10710: checking whether the gcc linker (/usr/x86_64-pc-cygwin/bin/ld.exe) supports shared libraries
configure:11969: result: yes
configure:12006: checking whether -lc should be explicitly linked in
configure:12014: gcc -c -g -O2  conftest.c >&5
configure:12017: $? = 0
configure:12032: gcc -shared conftest.o  -v -o ./conftest -Wl,--enable-auto-image-base -Xlinker --out-implib -Xlinker conftest 2\>\&1 \| /usr/bin/grep  -lc  \>/dev/null 2\>\&1
configure:12035: $? = 1
configure:12049: result: yes
configure:12209: checking dynamic linker characteristics
configure:13027: result: Win32 ld.exe
configure:13149: checking how to hardcode library paths into programs
configure:13174: result: immediate
configure:13722: checking whether stripping libraries is possible
configure:13727: result: yes
configure:13762: checking if libtool supports shared libraries
configure:13764: result: yes
configure:13767: checking whether to build shared libraries
configure:13792: result: yes
configure:13795: checking whether to build static libraries
configure:13799: result: no
configure:13822: checking how to run the C++ preprocessor
configure:13849: g++ -E  conftest.cpp
configure:13849: $? = 0
configure:13863: g++ -E  conftest.cpp
conftest.cpp:22:28: fatal error: ac_nonexistent.h: No such file or directory
 #include <ac_nonexistent.h>
                            ^
compilation terminated.
configure:13863: $? = 1
configure: failed program was:
| /* confdefs.h */
| #define PACKAGE_NAME "librevenge"
| #define PACKAGE_TARNAME "librevenge"
| #define PACKAGE_VERSION "0.0.4"
| #define PACKAGE_STRING "librevenge 0.0.4"
| #define PACKAGE_BUGREPORT ""
| #define PACKAGE_URL ""
| #define PACKAGE "librevenge"
| #define VERSION "0.0.4"
| #define HAVE_SYS_TYPES_H 1
| #define HAVE_SYS_STAT_H 1
| #define HAVE_STDLIB_H 1
| #define HAVE_STRING_H 1
| #define HAVE_MEMORY_H 1
| #define HAVE_STRINGS_H 1
| #define HAVE_INTTYPES_H 1
| #define HAVE_STDINT_H 1
| #define HAVE_UNISTD_H 1
| #define HAVE_DLFCN_H 1
| #define LT_OBJDIR ".libs/"
| /* end confdefs.h.  */
| #include <ac_nonexistent.h>
configure:13888: result: g++ -E
configure:13908: g++ -E  conftest.cpp
configure:13908: $? = 0
configure:13922: g++ -E  conftest.cpp
conftest.cpp:22:28: fatal error: ac_nonexistent.h: No such file or directory
 #include <ac_nonexistent.h>
                            ^
compilation terminated.
configure:13922: $? = 1
configure: failed program was:
| /* confdefs.h */
| #define PACKAGE_NAME "librevenge"
| #define PACKAGE_TARNAME "librevenge"
| #define PACKAGE_VERSION "0.0.4"
| #define PACKAGE_STRING "librevenge 0.0.4"
| #define PACKAGE_BUGREPORT ""
| #define PACKAGE_URL ""
| #define PACKAGE "librevenge"
| #define VERSION "0.0.4"
| #define HAVE_SYS_TYPES_H 1
| #define HAVE_SYS_STAT_H 1
| #define HAVE_STDLIB_H 1
| #define HAVE_STRING_H 1
| #define HAVE_MEMORY_H 1
| #define HAVE_STRINGS_H 1
| #define HAVE_INTTYPES_H 1
| #define HAVE_STDINT_H 1
| #define HAVE_UNISTD_H 1
| #define HAVE_DLFCN_H 1
| #define LT_OBJDIR ".libs/"
| /* end confdefs.h.  */
| #include <ac_nonexistent.h>
configure:14084: checking for ld used by g++
configure:14151: result: /usr/x86_64-pc-cygwin/bin/ld.exe
configure:14158: checking if the linker (/usr/x86_64-pc-cygwin/bin/ld.exe) is GNU ld
configure:14173: result: yes
configure:14228: checking whether the g++ linker (/usr/x86_64-pc-cygwin/bin/ld.exe) supports shared libraries
configure:15301: result: yes
configure:15337: g++ -c -g -O2  conftest.cpp >&5
configure:15340: $? = 0
configure:15821: checking for g++ option to produce PIC
configure:15828: result: -DDLL_EXPORT -DPIC
configure:15836: checking if g++ PIC flag -DDLL_EXPORT -DPIC works
configure:15854: g++ -c -g -O2  -DDLL_EXPORT -DPIC -DPIC conftest.cpp >&5
configure:15858: $? = 0
configure:15871: result: yes
configure:15894: checking if g++ static flag -static works
configure:15922: result: yes
configure:15934: checking if g++ supports -c -o file.o
configure:15955: g++ -c -g -O2  -o out/conftest2.o conftest.cpp >&5
configure:15959: $? = 0
configure:15981: result: yes
configure:15986: checking if g++ supports -c -o file.o
configure:16033: result: yes
configure:16063: checking whether the g++ linker (/usr/x86_64-pc-cygwin/bin/ld.exe) supports shared libraries
configure:16103: result: yes
configure:16244: checking dynamic linker characteristics
configure:16989: result: Win32 ld.exe
configure:17054: checking how to hardcode library paths into programs
configure:17079: result: immediate
configure:17166: checking for native Win32
configure:17185: result: no
configure:17199: checking for Win32 platform in general
configure:17208: result: yes
configure:17262: checking for Darwin (Mac OS X) platform
configure:17271: result: no
configure:17520: checking for boost/algorithm/string.hpp
configure:17520: g++ -c -g -O2 -Werror -Wall -Wextra -pedantic -Wshadow -Wunused-variable -Weffc++  conftest.cpp >&5
configure:17520: $? = 0
configure:17520: result: yes
configure:17520: checking for boost/archive/iterators/base64_from_binary.hpp
configure:17520: g++ -c -g -O2 -Werror -Wall -Wextra -pedantic -Wshadow -Wunused-variable -Weffc++  conftest.cpp >&5
configure:17520: $? = 0
configure:17520: result: yes
configure:17520: checking for boost/archive/iterators/binary_from_base64.hpp
configure:17520: g++ -c -g -O2 -Werror -Wall -Wextra -pedantic -Wshadow -Wunused-variable -Weffc++  conftest.cpp >&5
configure:17520: $? = 0
configure:17520: result: yes
configure:17520: checking for boost/archive/iterators/remove_whitespace.hpp
configure:17520: g++ -c -g -O2 -Werror -Wall -Wextra -pedantic -Wshadow -Wunused-variable -Weffc++  conftest.cpp >&5
configure:17520: $? = 0
configure:17520: result: yes
configure:17520: checking for boost/archive/iterators/transform_width.hpp
configure:17520: g++ -c -g -O2 -Werror -Wall -Wextra -pedantic -Wshadow -Wunused-variable -Weffc++  conftest.cpp >&5
configure:17520: $? = 0
configure:17520: result: yes
configure:17520: checking for boost/lexical_cast.hpp
configure:17520: g++ -c -g -O2 -Werror -Wall -Wextra -pedantic -Wshadow -Wunused-variable -Weffc++  conftest.cpp >&5
configure:17520: $? = 0
configure:17520: result: yes
configure:17520: checking for boost/range/iterator_range.hpp
configure:17520: g++ -c -g -O2 -Werror -Wall -Wextra -pedantic -Wshadow -Wunused-variable -Weffc++  conftest.cpp >&5
configure:17520: $? = 0
configure:17520: result: yes
configure:17520: checking for boost/scoped_ptr.hpp
configure:17520: g++ -c -g -O2 -Werror -Wall -Wextra -pedantic -Wshadow -Wunused-variable -Weffc++  conftest.cpp >&5
configure:17520: $? = 0
configure:17520: result: yes
configure:17520: checking for boost/shared_ptr.hpp
configure:17520: g++ -c -g -O2 -Werror -Wall -Wextra -pedantic -Wshadow -Wunused-variable -Weffc++  conftest.cpp >&5
configure:17520: $? = 0
configure:17520: result: yes
configure:17520: checking for boost/spirit/include/classic.hpp
configure:17520: g++ -c -g -O2 -Werror -Wall -Wextra -pedantic -Wshadow -Wunused-variable -Weffc++  conftest.cpp >&5
configure:17520: $? = 0
configure:17520: result: yes
configure:17600: checking for pkg-config
configure:17618: found /usr/bin/pkg-config
configure:17630: result: /usr/bin/pkg-config
configure:17655: checking pkg-config is at least version 0.9.0
configure:17658: result: yes
configure:17670: checking for CPPUNIT
configure:17677: $PKG_CONFIG --exists --print-errors "cppunit"
configure:17680: $? = 0
configure:17694: $PKG_CONFIG --exists --print-errors "cppunit"
configure:17697: $? = 0
configure:17755: result: yes
configure:17792: checking for doxygen
configure:17810: found /usr/bin/doxygen
configure:17822: result: /usr/bin/doxygen
configure:17882: checking for ZLIB
configure:17889: $PKG_CONFIG --exists --print-errors "zlib"
configure:17892: $? = 0
configure:17906: $PKG_CONFIG --exists --print-errors "zlib"
configure:17909: $? = 0
configure:18049: result: yes
configure:18267: checking that generated files are newer than configure
configure:18273: result: done
configure:18340: creating ./config.status

## ---------------------- ##
## Running config.status. ##
## ---------------------- ##

This file was extended by librevenge config.status 0.0.4, which was
generated by GNU Autoconf 2.69.  Invocation command line was

  CONFIG_FILES    = 
  CONFIG_HEADERS  = 
  CONFIG_LINKS    = 
  CONFIG_COMMANDS = 
  $ ./config.status 

on DESKTOP-HF2VIVE

config.status:1238: creating Makefile
config.status:1238: creating data/Makefile
config.status:1238: creating data/gdb/Makefile
config.status:1238: creating data/gdb/auto-load/Makefile
config.status:1238: creating data/gdb/auto-load/librevenge-0.0.py
config.status:1346: WARNING:  'data/gdb/auto-load/librevenge.py.in' seems to ignore the --datarootdir setting
config.status:1238: creating data/gdb/auto-load/librevenge-stream-0.0.py
config.status:1346: WARNING:  'data/gdb/auto-load/librevenge-stream.py.in' seems to ignore the --datarootdir setting
config.status:1238: creating src/Makefile
config.status:1238: creating src/lib/Makefile
config.status:1238: creating src/lib/librevenge.rc
config.status:1238: creating src/lib/librevenge-generators.rc
config.status:1238: creating src/lib/librevenge-stream.rc
config.status:1238: creating src/test/Makefile
config.status:1238: creating inc/Makefile
config.status:1238: creating inc/librevenge/Makefile
config.status:1238: creating inc/librevenge-generators/Makefile
config.status:1238: creating inc/librevenge-stream/Makefile
config.status:1238: creating docs/Makefile
config.status:1238: creating docs/doxygen/Makefile
config.status:1238: creating build/Makefile
config.status:1238: creating build/win32/Makefile
config.status:1238: creating librevenge-0.0.pc
config.status:1238: creating librevenge-generators-0.0.pc
config.status:1238: creating librevenge-stream-0.0.pc
config.status:1238: creating config.h
config.status:1467: executing depfiles commands
config.status:1467: executing libtool commands
configure:20790:
==============================================================================
Build configuration:
	debug:           no
	docs:            yes
	tests:           yes
	generators:      yes
	streams:         yes
	werror:          yes
	pretty printers: no
==============================================================================


## ---------------- ##
## Cache variables. ##
## ---------------- ##

ac_cv_build=x86_64-unknown-cygwin
ac_cv_c_compiler_gnu=yes
ac_cv_cxx_compiler_gnu=yes
ac_cv_env_CCC_set=
ac_cv_env_CCC_value=
ac_cv_env_CC_set=
ac_cv_env_CC_value=
ac_cv_env_CFLAGS_set=
ac_cv_env_CFLAGS_value=
ac_cv_env_CPPFLAGS_set=
ac_cv_env_CPPFLAGS_value=
ac_cv_env_CPPUNIT_CFLAGS_set=
ac_cv_env_CPPUNIT_CFLAGS_value=
ac_cv_env_CPPUNIT_LIBS_set=
ac_cv_env_CPPUNIT_LIBS_value=
ac_cv_env_CPP_set=
ac_cv_env_CPP_value=
ac_cv_env_CXXCPP_set=
ac_cv_env_CXXCPP_value=
ac_cv_env_CXXFLAGS_set=
ac_cv_env_CXXFLAGS_value=
ac_cv_env_CXX_set=
ac_cv_env_CXX_value=
ac_cv_env_LDFLAGS_set=
ac_cv_env_LDFLAGS_value=
ac_cv_env_LIBS_set=
ac_cv_env_LIBS_value=
ac_cv_env_LT_SYS_LIBRARY_PATH_set=
ac_cv_env_LT_SYS_LIBRARY_PATH_value=
ac_cv_env_PKG_CONFIG_LIBDIR_set=
ac_cv_env_PKG_CONFIG_LIBDIR_value=
ac_cv_env_PKG_CONFIG_PATH_set=set
ac_cv_env_PKG_CONFIG_PATH_value='C:\cygwin64New\lib'
ac_cv_env_PKG_CONFIG_set=
ac_cv_env_PKG_CONFIG_value=
ac_cv_env_ZLIB_CFLAGS_set=
ac_cv_env_ZLIB_CFLAGS_value=
ac_cv_env_ZLIB_LIBS_set=
ac_cv_env_ZLIB_LIBS_value=
ac_cv_env_build_alias_set=
ac_cv_env_build_alias_value=
ac_cv_env_host_alias_set=
ac_cv_env_host_alias_value=
ac_cv_env_target_alias_set=
ac_cv_env_target_alias_value=
ac_cv_exeext=.exe
ac_cv_header_boost_algorithm_string_hpp=yes
ac_cv_header_boost_archive_iterators_base64_from_binary_hpp=yes
ac_cv_header_boost_archive_iterators_binary_from_base64_hpp=yes
ac_cv_header_boost_archive_iterators_remove_whitespace_hpp=yes
ac_cv_header_boost_archive_iterators_transform_width_hpp=yes
ac_cv_header_boost_lexical_cast_hpp=yes
ac_cv_header_boost_range_iterator_range_hpp=yes
ac_cv_header_boost_scoped_ptr_hpp=yes
ac_cv_header_boost_shared_ptr_hpp=yes
ac_cv_header_boost_spirit_include_classic_hpp=yes
ac_cv_header_dlfcn_h=yes
ac_cv_header_inttypes_h=yes
ac_cv_header_memory_h=yes
ac_cv_header_stdc=no
ac_cv_header_stdint_h=yes
ac_cv_header_stdlib_h=yes
ac_cv_header_string_h=yes
ac_cv_header_strings_h=yes
ac_cv_header_sys_stat_h=yes
ac_cv_header_sys_types_h=yes
ac_cv_header_unistd_h=yes
ac_cv_host=x86_64-unknown-cygwin
ac_cv_objext=o
ac_cv_path_DOXYGEN=/usr/bin/doxygen
ac_cv_path_EGREP='/usr/bin/grep -E'
ac_cv_path_FGREP='/usr/bin/grep -F'
ac_cv_path_GREP=/usr/bin/grep
ac_cv_path_SED=/usr/bin/sed
ac_cv_path_ac_pt_PKG_CONFIG=/usr/bin/pkg-config
ac_cv_path_install='/usr/bin/install -c'
ac_cv_path_lt_DD=/usr/bin/dd
ac_cv_path_mkdir=/usr/bin/mkdir
ac_cv_prog_AWK=gawk
ac_cv_prog_CPP='gcc -E'
ac_cv_prog_CXXCPP='g++ -E'
ac_cv_prog_ac_ct_AR=ar
ac_cv_prog_ac_ct_AS=as
ac_cv_prog_ac_ct_CC=gcc
ac_cv_prog_ac_ct_CXX=g++
ac_cv_prog_ac_ct_DLLTOOL=dlltool
ac_cv_prog_ac_ct_OBJDUMP=objdump
ac_cv_prog_ac_ct_RANLIB=ranlib
ac_cv_prog_ac_ct_STRIP=strip
ac_cv_prog_cc_c89=
ac_cv_prog_cc_g=yes
ac_cv_prog_cxx_g=yes
ac_cv_prog_make_make_set=yes
am_cv_CC_dependencies_compiler_type=gcc3
am_cv_CXX_dependencies_compiler_type=gcc3
am_cv_ar_interface=ar
am_cv_make_support_nested_variables=yes
am_cv_prog_cc_c_o=yes
lt_cv_ar_at_file=@
lt_cv_archive_cmds_need_lc=yes
lt_cv_deplibs_check_method='file_magic ^x86 archive import|^x86 DLL'
lt_cv_file_magic_cmd=func_win32_libid
lt_cv_file_magic_test_file=
lt_cv_ld_reload_flag=-r
lt_cv_nm_interface='BSD nm'
lt_cv_objdir=.libs
lt_cv_path_LD=/usr/x86_64-pc-cygwin/bin/ld.exe
lt_cv_path_LDCXX=/usr/x86_64-pc-cygwin/bin/ld.exe
lt_cv_path_NM='/usr/bin/nm -B'
lt_cv_path_mainfest_tool=no
lt_cv_prog_compiler_c_o=yes
lt_cv_prog_compiler_c_o_CXX=yes
lt_cv_prog_compiler_pic='-DDLL_EXPORT -DPIC'
lt_cv_prog_compiler_pic_CXX='-DDLL_EXPORT -DPIC'
lt_cv_prog_compiler_pic_works=yes
lt_cv_prog_compiler_pic_works_CXX=yes
lt_cv_prog_compiler_rtti_exceptions=no
lt_cv_prog_compiler_static_works=yes
lt_cv_prog_compiler_static_works_CXX=yes
lt_cv_prog_gnu_ld=yes
lt_cv_prog_gnu_ldcxx=yes
lt_cv_sharedlib_from_linklib_cmd=func_cygming_dll_for_implib
lt_cv_sys_global_symbol_pipe='sed -n -e '\''s/^.*[	 ]\([ABCDGIRSTW][ABCDGIRSTW]*\)[	 ][	 ]*\([_A-Za-z][_A-Za-z0-9]*\)$/\1 \2 \2/p'\'' | sed '\''/ __gnu_lto/d'\'''
lt_cv_sys_global_symbol_to_c_name_address='sed -n -e '\''s/^: \(.*\) .*$/  {"\1", (void *) 0},/p'\'' -e '\''s/^[ABCDGIRSTW][ABCDGIRSTW]* .* \(.*\)$/  {"\1", (void *) \&\1},/p'\'''
lt_cv_sys_global_symbol_to_c_name_address_lib_prefix='sed -n -e '\''s/^: \(.*\) .*$/  {"\1", (void *) 0},/p'\'' -e '\''s/^[ABCDGIRSTW][ABCDGIRSTW]* .* \(lib.*\)$/  {"\1", (void *) \&\1},/p'\'' -e '\''s/^[ABCDGIRSTW][ABCDGIRSTW]* .* \(.*\)$/  {"lib\1", (void *) \&\1},/p'\'''
lt_cv_sys_global_symbol_to_cdecl='sed -n -e '\''s/^T .* \(.*\)$/extern int \1();/p'\'' -e '\''s/^[ABCDGIRSTW][ABCDGIRSTW]* .* \(.*\)$/extern char \1;/p'\'''
lt_cv_sys_global_symbol_to_import=
lt_cv_sys_max_cmd_len=8192
lt_cv_to_host_file_cmd=func_convert_file_noop
lt_cv_to_tool_file_cmd=func_convert_file_noop
lt_cv_truncate_bin='/usr/bin/dd bs=4096 count=1'
pkg_cv_CPPUNIT_CFLAGS=
pkg_cv_CPPUNIT_LIBS=-lcppunit
pkg_cv_ZLIB_CFLAGS=
pkg_cv_ZLIB_LIBS=-lz

## ----------------- ##
## Output variables. ##
## ----------------- ##

ACLOCAL='${SHELL} /cygdrive/c/mydocs/BEVARA/DEVELOPMENT/EXPER/CORELDRAW/librevenge-0.0.4/missing aclocal-1.15'
AMDEPBACKSLASH='\'
AMDEP_FALSE='#'
AMDEP_TRUE=''
AMTAR='$${TAR-tar}'
AM_BACKSLASH='\'
AM_DEFAULT_V='$(AM_DEFAULT_VERBOSITY)'
AM_DEFAULT_VERBOSITY='0'
AM_V='$(V)'
AR='ar'
AS='as'
AUTOCONF='${SHELL} /cygdrive/c/mydocs/BEVARA/DEVELOPMENT/EXPER/CORELDRAW/librevenge-0.0.4/missing autoconf'
AUTOHEADER='${SHELL} /cygdrive/c/mydocs/BEVARA/DEVELOPMENT/EXPER/CORELDRAW/librevenge-0.0.4/missing autoheader'
AUTOMAKE='${SHELL} /cygdrive/c/mydocs/BEVARA/DEVELOPMENT/EXPER/CORELDRAW/librevenge-0.0.4/missing automake-1.15'
AWK='gawk'
BUILD_GENERATORS_FALSE='#'
BUILD_GENERATORS_TRUE=''
BUILD_PRETTY_PRINTERS_FALSE=''
BUILD_PRETTY_PRINTERS_TRUE='#'
BUILD_STREAMS_FALSE='#'
BUILD_STREAMS_TRUE=''
CC='gcc'
CCDEPMODE='depmode=gcc3'
CFLAGS='-g -O2 -Werror -Wall -Wextra -pedantic'
CPP='gcc -E'
CPPFLAGS=''
CPPUNIT_CFLAGS=''
CPPUNIT_LIBS='-lcppunit'
CXX='g++'
CXXCPP='g++ -E'
CXXDEPMODE='depmode=gcc3'
CXXFLAGS='-g -O2 -Werror -Wall -Wextra -pedantic -Wshadow -Wunused-variable -Weffc++'
CYGPATH_W='cygpath -w'
DEBUG_CXXFLAGS='-DNDEBUG'
DEFS='-DHAVE_CONFIG_H'
DEPDIR='.deps'
DLLTOOL='dlltool'
DOXYGEN='/usr/bin/doxygen'
DSYMUTIL=''
DUMPBIN=''
ECHO_C=''
ECHO_N='-n'
ECHO_T=''
EGREP='/usr/bin/grep -E'
ENABLE_TESTS_FALSE='#'
ENABLE_TESTS_TRUE=''
EXEEXT='.exe'
FGREP='/usr/bin/grep -F'
GDB=''
GDBDATADIR=''
GREP='/usr/bin/grep'
HAVE_VISIBILITY_FALSE=''
HAVE_VISIBILITY_TRUE='#'
INSTALL_DATA='${INSTALL} -m 644'
INSTALL_PROGRAM='${INSTALL}'
INSTALL_SCRIPT='${INSTALL}'
INSTALL_STRIP_PROGRAM='$(install_sh) -c -s'
LD='/usr/x86_64-pc-cygwin/bin/ld.exe'
LDFLAGS=''
LIBOBJS=''
LIBREVENGE_GENERATORS_WIN32_RESOURCE=''
LIBREVENGE_STREAM_WIN32_RESOURCE=''
LIBREVENGE_WIN32_RESOURCE=''
LIBS=''
LIBTOOL='$(SHELL) $(top_builddir)/libtool'
LIPO=''
LN_S='ln -s'
LTLIBOBJS=''
LT_AGE='0'
LT_CURRENT='0'
LT_REVISION='4'
LT_SYS_LIBRARY_PATH=''
MAKEINFO='${SHELL} /cygdrive/c/mydocs/BEVARA/DEVELOPMENT/EXPER/CORELDRAW/librevenge-0.0.4/missing makeinfo'
MANIFEST_TOOL=':'
MKDIR_P='/usr/bin/mkdir -p'
NM='/usr/bin/nm -B'
NMEDIT=''
OBJDUMP='objdump'
OBJEXT='o'
OS_WIN32_FALSE=''
OS_WIN32_TRUE='#'
OTOOL64=''
OTOOL=''
PACKAGE='librevenge'
PACKAGE_BUGREPORT=''
PACKAGE_NAME='librevenge'
PACKAGE_STRING='librevenge 0.0.4'
PACKAGE_TARNAME='librevenge'
PACKAGE_URL=''
PACKAGE_VERSION='0.0.4'
PATH_SEPARATOR=':'
PKG_CONFIG='/usr/bin/pkg-config'
PKG_CONFIG_LIBDIR=''
PKG_CONFIG_PATH='C:\cygwin64New\lib'
PLATFORM_DARWIN_FALSE=''
PLATFORM_DARWIN_TRUE='#'
PLATFORM_WIN32_FALSE='#'
PLATFORM_WIN32_TRUE=''
RANLIB='ranlib'
RVNG_MAJOR_VERSION='0'
RVNG_MICRO_VERSION='4'
RVNG_MINOR_VERSION='0'
RVNG_VERSION='0.0.4'
SED='/usr/bin/sed'
SET_MAKE=''
SHELL='/bin/sh'
STRIP='strip'
VERSION='0.0.4'
WINDRES=''
WITH_LIBREVENGE_DOCS_FALSE='#'
WITH_LIBREVENGE_DOCS_TRUE=''
ZLIB_CFLAGS=''
ZLIB_LIBS='-lz'
ac_ct_AR='ar'
ac_ct_CC='gcc'
ac_ct_CXX='g++'
ac_ct_DUMPBIN=''
am__EXEEXT_FALSE='#'
am__EXEEXT_TRUE=''
am__fastdepCC_FALSE='#'
am__fastdepCC_TRUE=''
am__fastdepCXX_FALSE='#'
am__fastdepCXX_TRUE=''
am__include='include'
am__isrc=''
am__leading_dot='.'
am__nodep='_no'
am__quote=''
am__tar='$${TAR-tar} chof - "$$tardir"'
am__untar='$${TAR-tar} xf -'
bindir='${exec_prefix}/bin'
build='x86_64-unknown-cygwin'
build_alias=''
build_cpu='x86_64'
build_os='cygwin'
build_vendor='unknown'
datadir='${datarootdir}'
datarootdir='${prefix}/share'
docdir='${datarootdir}/doc/${PACKAGE_TARNAME}'
dvidir='${docdir}'
exec_prefix='${prefix}'
host='x86_64-unknown-cygwin'
host_alias=''
host_cpu='x86_64'
host_os='cygwin'
host_vendor='unknown'
htmldir='${docdir}'
includedir='${prefix}/include'
infodir='${datarootdir}/info'
install_sh='${SHELL} /cygdrive/c/mydocs/BEVARA/DEVELOPMENT/EXPER/CORELDRAW/librevenge-0.0.4/install-sh'
libdir='${exec_prefix}/lib'
libexecdir='${exec_prefix}/libexec'
localedir='${datarootdir}/locale'
localstatedir='${prefix}/var'
mandir='${datarootdir}/man'
mkdir_p='$(MKDIR_P)'
oldincludedir='/usr/include'
pdfdir='${docdir}'
prefix='/usr/local'
program_transform_name='s,x,x,'
psdir='${docdir}'
sbindir='${exec_prefix}/sbin'
sharedstatedir='${prefix}/com'
sysconfdir='${prefix}/etc'
target_alias=''

## ----------- ##
## confdefs.h. ##
## ----------- ##

/* confdefs.h */
#define PACKAGE_NAME "librevenge"
#define PACKAGE_TARNAME "librevenge"
#define PACKAGE_VERSION "0.0.4"
#define PACKAGE_STRING "librevenge 0.0.4"
#define PACKAGE_BUGREPORT ""
#define PACKAGE_URL ""
#define PACKAGE "librevenge"
#define VERSION "0.0.4"
#define HAVE_SYS_TYPES_H 1
#define HAVE_SYS_STAT_H 1
#define HAVE_STDLIB_H 1
#define HAVE_STRING_H 1
#define HAVE_MEMORY_H 1
#define HAVE_STRINGS_H 1
#define HAVE_INTTYPES_H 1
#define HAVE_STDINT_H 1
#define HAVE_UNISTD_H 1
#define HAVE_DLFCN_H 1
#define LT_OBJDIR ".libs/"
#define HAVE_BOOST_ALGORITHM_STRING_HPP 1
#define HAVE_BOOST_ARCHIVE_ITERATORS_BASE64_FROM_BINARY_HPP 1
#define HAVE_BOOST_ARCHIVE_ITERATORS_BINARY_FROM_BASE64_HPP 1
#define HAVE_BOOST_ARCHIVE_ITERATORS_REMOVE_WHITESPACE_HPP 1
#define HAVE_BOOST_ARCHIVE_ITERATORS_TRANSFORM_WIDTH_HPP 1
#define HAVE_BOOST_LEXICAL_CAST_HPP 1
#define HAVE_BOOST_RANGE_ITERATOR_RANGE_HPP 1
#define HAVE_BOOST_SCOPED_PTR_HPP 1
#define HAVE_BOOST_SHARED_PTR_HPP 1
#define HAVE_BOOST_SPIRIT_INCLUDE_CLASSIC_HPP 1

configure: exit 0

## ---------------------- ##
## Running config.status. ##
## ---------------------- ##

This file was extended by librevenge config.status 0.0.4, which was
generated by GNU Autoconf 2.69.  Invocation command line was

  CONFIG_FILES    = 
  CONFIG_HEADERS  = 
  CONFIG_LINKS    = 
  CONFIG_COMMANDS = 
  $ ./config.status config.h

on DESKTOP-HF2VIVE

config.status:1238: creating config.h
config.status:1419: config.h is unchanged
